  Killing any running python.exe instances...
  Getting build info from git
  fatal: not a git repository (or any of the parent directories): .git
C:\cpython\PCbuild\pythoncore.vcxproj(578,5): warning MSB3073: El comando "git name-rev --name-only HEAD > "C:\cpython\PCbuild\obj\39amd64_Release\pythoncore\gitbranch.txt"" salió con el código 128.
  fatal: not a git repository (or any of the parent directories): .git
C:\cpython\PCbuild\pythoncore.vcxproj(579,5): warning MSB3073: El comando "git rev-parse --short HEAD > "C:\cpython\PCbuild\obj\39amd64_Release\pythoncore\gitversion.txt"" salió con el código 128.
  fatal: not a git repository (or any of the parent directories): .git
C:\cpython\PCbuild\pythoncore.vcxproj(580,5): warning MSB3073: El comando "git describe --all --always --dirty > "C:\cpython\PCbuild\obj\39amd64_Release\pythoncore\gittag.txt"" salió con el código 128.
  Building : 
C:\cpython\PCbuild\pythoncore.vcxproj(594,5): warning : Toolset v143 is not used for official builds. Your build may have errors or incompatibilities.
  _abc.c
  _bisectmodule.c
  blake2module.c
  blake2b_impl.c
  blake2s_impl.c
  _codecsmodule.c
  _collectionsmodule.c
  _contextvarsmodule.c
  _csv.c
  _functoolsmodule.c
  _heapqmodule.c
  _json.c
  _localemodule.c
  _lsprof.c
  _math.c
  _pickle.c
  _randommodule.c
  sha3module.c
  _sre.c
  _stat.c
  Compilando...
  _struct.c
  _weakref.c
  arraymodule.c
  atexitmodule.c
  audioop.c
  binascii.c
  cmathmodule.c
  _datetimemodule.c
  errnomodule.c
  faulthandler.c
  gcmodule.c
  itertoolsmodule.c
  main.c
  mathmodule.c
  md5module.c
  mmapmodule.c
  _opcode.c
  _operator.c
  parsermodule.c
  _peg_parser.c
  Compilando...
  posixmodule.c
  rotatingtree.c
  sha1module.c
  sha256module.c
  sha512module.c
  signalmodule.c
  _statisticsmodule.c
  symtablemodule.c
  _threadmodule.c
  _tracemalloc.c
  timemodule.c
  xxsubtype.c
  _xxsubinterpretersmodule.c
  fileio.c
  bytesio.c
  stringio.c
  bufferedio.c
  iobase.c
  textio.c
  winconsoleio.c
  Compilando...
  _iomodule.c
  _codecs_cn.c
  _codecs_hk.c
  _codecs_iso2022.c
  _codecs_jp.c
  _codecs_kr.c
  _codecs_tw.c
  multibytecodec.c
  _winapi.c
  abstract.c
  accu.c
  boolobject.c
  bytearrayobject.c
  bytes_methods.c
  bytesobject.c
  call.c
  capsule.c
  cellobject.c
  classobject.c
  codeobject.c
  Compilando...
  complexobject.c
  descrobject.c
  dictobject.c
  enumobject.c
  exceptions.c
  fileobject.c
  floatobject.c
  frameobject.c
  funcobject.c
  genericaliasobject.c
  genobject.c
  interpreteridobject.c
  iterobject.c
  listobject.c
  longobject.c
  memoryobject.c
  methodobject.c
  moduleobject.c
  namespaceobject.c
  object.c
  Compilando...
  obmalloc.c
  odictobject.c
  picklebufobject.c
  rangeobject.c
  setobject.c
  sliceobject.c
  structseq.c
  tupleobject.c
  typeobject.c
  unicodectype.c
  unicodeobject.c
  weakrefobject.c
  acceler.c
  grammar1.c
  listnode.c
  myreadline.c
  node.c
  parser.c
  parsetok.c
  tokenizer.c
  Compilando...
  token.c
  pegen.c
  parse.c
  parse_string.c
  peg_api.c
  invalid_parameter_handler.c
  winreg.c
  config.c
  getpathp.c
  msvcrtmodule.c
  pyhash.c
  _warnings.c
  asdl.c
  ast.c
  ast_opt.c
  ast_unparse.c
  bltinmodule.c
  bootstrap_hash.c
  ceval.c
  codecs.c
  Compilando...
  compile.c
  context.c
  dynamic_annotations.c
  dynload_win.c
  errors.c
  fileutils.c
  formatter_unicode.c
  frozen.c
  future.c
  getargs.c
  getcompiler.c
  getcopyright.c
  getopt.c
  getplatform.c
  getversion.c
  graminit.c
  hamt.c
  hashtable.c
  import.c
  importdl.c
  Compilando...
  initconfig.c
  marshal.c
  modsupport.c
  mysnprintf.c
  mystrtoul.c
  pathconfig.c
  peephole.c
  preconfig.c
  pyarena.c
  pyctype.c
  pyfpe.c
  pylifecycle.c
  pymath.c
  pytime.c
  pystate.c
  pystrcmp.c
  pystrhex.c
  pystrtod.c
  dtoa.c
  Python-ast.c
  Compilando...
  pythonrun.c
  structmember.c
  symtable.c
  sysmodule.c
  thread.c
  traceback.c
  zlibmodule.c
  adler32.c
  compress.c
  crc32.c
  deflate.c
  infback.c
  inffast.c
  inflate.c
  inftrees.c
  trees.c
  uncompr.c
  zutil.c
  dl_nt.c
  getbuildinfo.c
     Creando biblioteca C:\cpython\PCbuild\amd64\python39.lib y objeto C:\cpython\PCbuild\amd64\python39.exp
  Generando código
  Generación de código finalizada
  pythoncore.vcxproj -> C:\cpython\PCbuild\amd64\python39.dll
