c:\cpython\pcbuild\obj\39amd64_release\pyshellext\vc142.pdb
c:\cpython\pcbuild\obj\39amd64_release\pyshellext\pyshellext.obj
c:\cpython\pcbuild\obj\39amd64_release\pyshellext\pyshellext_i.obj
c:\cpython\pcbuild\amd64\pyshellext.dll
c:\cpython\pcbuild\obj\39amd64_release\pyshellext\pyshellext.iobj
c:\cpython\pcbuild\amd64\pyshellext.pdb
c:\cpython\pcbuild\obj\39amd64_release\pyshellext\pyshellext.tlb
c:\cpython\pcbuild\obj\39amd64_release\pyshellext\pyshellext_i.c
c:\cpython\pcbuild\obj\39amd64_release\pyshellext\pyshellext_h.h
c:\cpython\pcbuild\amd64\pyshellext.lib
c:\cpython\pcbuild\amd64\pyshellext.exp
c:\cpython\pcbuild\obj\39amd64_release\pyshellext\pyshellext.res
c:\cpython\pcbuild\obj\39amd64_release\pyshellext\pyshellext.vcxproj.filelistabsolute.txt
c:\cpython\pcbuild\obj\39amd64_release\pyshellext\pyshellext.tlog\cl.command.1.tlog
c:\cpython\pcbuild\obj\39amd64_release\pyshellext\pyshellext.tlog\cl.read.1.tlog
c:\cpython\pcbuild\obj\39amd64_release\pyshellext\pyshellext.tlog\cl.write.1.tlog
c:\cpython\pcbuild\obj\39amd64_release\pyshellext\pyshellext.tlog\link.command.1.tlog
c:\cpython\pcbuild\obj\39amd64_release\pyshellext\pyshellext.tlog\link.read.1.tlog
c:\cpython\pcbuild\obj\39amd64_release\pyshellext\pyshellext.tlog\link.write.1.tlog
c:\cpython\pcbuild\obj\39amd64_release\pyshellext\pyshellext.tlog\midl.command.1.tlog
c:\cpython\pcbuild\obj\39amd64_release\pyshellext\pyshellext.tlog\midl.read.1.tlog
c:\cpython\pcbuild\obj\39amd64_release\pyshellext\pyshellext.tlog\midl.write.1.tlog
c:\cpython\pcbuild\obj\39amd64_release\pyshellext\pyshellext.tlog\pyshellext.write.1u.tlog
c:\cpython\pcbuild\obj\39amd64_release\pyshellext\pyshellext.tlog\rc.command.1.tlog
c:\cpython\pcbuild\obj\39amd64_release\pyshellext\pyshellext.tlog\rc.read.1.tlog
c:\cpython\pcbuild\obj\39amd64_release\pyshellext\pyshellext.tlog\rc.write.1.tlog
